Flow report for EightLockins
Wed Aug 30 11:35:14 2017
Quartus Prime Version 16.0.0 Build 211 04/27/2016 SJ Lite Edition


---------------------
; Table of Contents ;
---------------------
  1. Legal Notice
  2. Flow Summary
  3. Flow Settings
  4. Flow Non-Default Global Settings
  5. Flow Elapsed Time
  6. Flow OS Summary
  7. Flow Log
  8. Flow Messages
  9. Flow Suppressed Messages



----------------
; Legal Notice ;
----------------
Copyright (C) 1991-2016 Altera Corporation. All rights reserved.
Your use of Altera Corporation's design tools, logic functions 
and other software and tools, and its AMPP partner logic 
functions, and any output files from any of the foregoing 
(including device programming or simulation files), and any 
associated documentation or information are expressly subject 
to the terms and conditions of the Altera Program License 
Subscription Agreement, the Altera Quartus Prime License Agreement,
the Altera MegaCore Function License Agreement, or other 
applicable license agreement, including, without limitation, 
that your use is for the sole purpose of programming logic 
devices manufactured by Altera and sold by Altera or its 
authorized distributors.  Please refer to the applicable 
agreement for further details.



+----------------------------------------------------------------------------------+
; Flow Summary                                                                     ;
+------------------------------------+---------------------------------------------+
; Flow Status                        ; Successful - Wed Aug 30 11:35:14 2017       ;
; Quartus Prime Version              ; 16.0.0 Build 211 04/27/2016 SJ Lite Edition ;
; Revision Name                      ; EightLockins                                ;
; Top-level Entity Name              ; DE2115_EightLockins_top                     ;
; Family                             ; Cyclone IV E                                ;
; Device                             ; EP4CE115F29C7                               ;
; Timing Models                      ; Final                                       ;
; Total logic elements               ; 14,424 / 114,480 ( 13 % )                   ;
;     Total combinational functions  ; 9,887 / 114,480 ( 9 % )                     ;
;     Dedicated logic registers      ; 9,873 / 114,480 ( 9 % )                     ;
; Total registers                    ; 9873                                        ;
; Total pins                         ; 285 / 529 ( 54 % )                          ;
; Total virtual pins                 ; 0                                           ;
; Total memory bits                  ; 53,248 / 3,981,312 ( 1 % )                  ;
; Embedded Multiplier 9-bit elements ; 8 / 532 ( 2 % )                             ;
; Total PLLs                         ; 0 / 4 ( 0 % )                               ;
+------------------------------------+---------------------------------------------+


+-----------------------------------------+
; Flow Settings                           ;
+-------------------+---------------------+
; Option            ; Setting             ;
+-------------------+---------------------+
; Start date & time ; 08/30/2017 11:31:23 ;
; Main task         ; Compilation         ;
; Revision Name     ; EightLockins        ;
+-------------------+---------------------+


+----------------------------------------------------------------------------------------------------------------------------------------------------------------+
; Flow Non-Default Global Settings                                                                                                                               ;
+-------------------------------------+---------------------------------------------------------------+---------------+-------------------------+----------------+
; Assignment Name                     ; Value                                                         ; Default Value ; Entity Name             ; Section Id     ;
+-------------------------------------+---------------------------------------------------------------+---------------+-------------------------+----------------+
; COMPILER_SIGNATURE_ID               ; 79232738800833.150411428306408                                ; --            ; --                      ; --             ;
; EDA_OUTPUT_DATA_FORMAT              ; Vhdl                                                          ; --            ; --                      ; eda_simulation ;
; EDA_SIMULATION_TOOL                 ; ModelSim-Altera (VHDL)                                        ; <None>        ; --                      ; --             ;
; EDA_TIME_SCALE                      ; 1 ps                                                          ; --            ; --                      ; eda_simulation ;
; MAX_CORE_JUNCTION_TEMP              ; 85                                                            ; --            ; --                      ; --             ;
; MIN_CORE_JUNCTION_TEMP              ; 0                                                             ; --            ; --                      ; --             ;
; MISC_FILE                           ; FIFO_inst.v                                                   ; --            ; --                      ; --             ;
; MISC_FILE                           ; FIFO_bb.v                                                     ; --            ; --                      ; --             ;
; MISC_FILE                           ; FIFO.inc                                                      ; --            ; --                      ; --             ;
; MISC_FILE                           ; FIFO.cmp                                                      ; --            ; --                      ; --             ;
; MISC_FILE                           ; FIFO_syn.v                                                    ; --            ; --                      ; --             ;
; MISC_FILE                           ; qsys_system/synthesis/../qsys_system.cmp                      ; --            ; --                      ; --             ;
; MISC_FILE                           ; qsys_system/synthesis/../../qsys_system.qsys                  ; --            ; --                      ; --             ;
; MISC_FILE                           ; mult_13x14.cmp                                                ; --            ; --                      ; --             ;
; NOMINAL_CORE_SUPPLY_VOLTAGE         ; 1.2V                                                          ; --            ; --                      ; --             ;
; PARTITION_COLOR                     ; 16764057                                                      ; --            ; DE2115_EightLockins_top ; Top            ;
; PARTITION_FITTER_PRESERVATION_LEVEL ; PLACEMENT_AND_ROUTING                                         ; --            ; DE2115_EightLockins_top ; Top            ;
; PARTITION_NETLIST_TYPE              ; SOURCE                                                        ; --            ; DE2115_EightLockins_top ; Top            ;
; POWER_BOARD_THERMAL_MODEL           ; None (CONSERVATIVE)                                           ; --            ; --                      ; --             ;
; POWER_PRESET_COOLING_SOLUTION       ; 23 MM HEAT SINK WITH 200 LFPM AIRFLOW                         ; --            ; --                      ; --             ;
; PROJECT_OUTPUT_DIRECTORY            ; output_files                                                  ; --            ; --                      ; --             ;
; SLD_FILE                            ; qsys_system/synthesis/qsys_system.regmap                      ; --            ; --                      ; --             ;
; SLD_FILE                            ; qsys_system/synthesis/qsys_system.debuginfo                   ; --            ; --                      ; --             ;
; SLD_INFO                            ; QSYS_NAME qsys_system HAS_SOPCINFO 1 GENERATION_ID 1504054779 ; --            ; qsys_system             ; --             ;
; SOPCINFO_FILE                       ; qsys_system/synthesis/../../qsys_system.sopcinfo              ; --            ; --                      ; --             ;
; SYNTHESIS_ONLY_QIP                  ; On                                                            ; --            ; --                      ; --             ;
; TOP_LEVEL_ENTITY                    ; DE2115_EightLockins_top                                       ; EightLockins  ; --                      ; --             ;
+-------------------------------------+---------------------------------------------------------------+---------------+-------------------------+----------------+


+-------------------------------------------------------------------------------------------------------------------------------+
; Flow Elapsed Time                                                                                                             ;
+---------------------------+--------------+-------------------------+---------------------+------------------------------------+
; Module Name               ; Elapsed Time ; Average Processors Used ; Peak Virtual Memory ; Total CPU Time (on all processors) ;
+---------------------------+--------------+-------------------------+---------------------+------------------------------------+
; Analysis & Synthesis      ; 00:02:04     ; 1.0                     ; 1269 MB             ; 00:02:24                           ;
; Fitter                    ; 00:01:03     ; 1.1                     ; 1979 MB             ; 00:01:27                           ;
; Assembler                 ; 00:00:05     ; 1.0                     ; 793 MB              ; 00:00:04                           ;
; TimeQuest Timing Analyzer ; 00:00:11     ; 1.2                     ; 1061 MB             ; 00:00:10                           ;
; EDA Netlist Writer        ; 00:00:14     ; 1.0                     ; 852 MB              ; 00:00:14                           ;
; Total                     ; 00:03:37     ; --                      ; --                  ; 00:04:19                           ;
+---------------------------+--------------+-------------------------+---------------------+------------------------------------+


+----------------------------------------------------------------------------------------+
; Flow OS Summary                                                                        ;
+---------------------------+------------------+-----------+------------+----------------+
; Module Name               ; Machine Hostname ; OS Name   ; OS Version ; Processor type ;
+---------------------------+------------------+-----------+------------+----------------+
; Analysis & Synthesis      ; ENS12222         ; Windows 7 ; 6.1        ; x86_64         ;
; Fitter                    ; ENS12222         ; Windows 7 ; 6.1        ; x86_64         ;
; Assembler                 ; ENS12222         ; Windows 7 ; 6.1        ; x86_64         ;
; TimeQuest Timing Analyzer ; ENS12222         ; Windows 7 ; 6.1        ; x86_64         ;
; EDA Netlist Writer        ; ENS12222         ; Windows 7 ; 6.1        ; x86_64         ;
+---------------------------+------------------+-----------+------------+----------------+


------------
; Flow Log ;
------------
quartus_map --read_settings_files=on --write_settings_files=off EightLockins -c EightLockins
quartus_fit --read_settings_files=off --write_settings_files=off EightLockins -c EightLockins
quartus_asm --read_settings_files=off --write_settings_files=off EightLockins -c EightLockins
quartus_sta EightLockins -c EightLockins
quartus_eda --read_settings_files=off --write_settings_files=off EightLockins -c EightLockins



